100 0 0 0
100 0.0256496392 0 0
100 0.0512992784 0 0
100 0.0769489176 0 0
100 0.1025985568 0 0
100 0.128248196 0 0
100 0.1538978352 0 0
100 0.1795474744 0 0
100 0.2051971136 0 0
100 0.2308467528 0 0
100 0.256496392 0 0
100 0.2821460312 0 0
100 0.3077956704 0 0
100 0.3334453096 0 0
100 0.3590949488 0 0
100 0.384744588 0 0
100 0.4103942272 0 0
100 0.4360438664 0 0
100 0.4616935056 0 0
100 0.4873431448 0 0
100 0.512992784 0 0
100 0.5386424232 0 0
100 0.5642920624 0 0
100 0.5899417016 0 0
100 0.6155913408 0 0
100 0.64124098 0 0
100 0.6668906192 0 0
100 0.6925402584 0 0
100 0.7181898976 0 0
100 0.7438395368 0 0
100 0.769489176 0 0
100 0.7951388152 0 0
100 0.8207884544 0 0
100 0.8464380936 0 0
100 0.8720877328 0.0008253468947 0.0001013839249
100 0.897737372 0.02017622441 0.000595599473
100 0.9233870112 0.1477302822 0.001534316773
100 0.9490366504 0.5276460848 0.002878232954
100 0.9746862896 1.17126321 0.004516991675
100 1.000335929 1.849729891 0.006584470505
100 1.025985568 2.34390602 0.006675603508
100 1.051635207 2.580884888 0.007700429999
100 1.077284846 2.575099899 0.005432457854
100 1.102934486 2.427456946 0.006351421752
100 1.128584125 2.216322732 0.005687783161
100 1.154233764 1.990344989 0.006246082718
100 1.179883403 1.765899474 0.005735646794
100 1.205533042 1.561046782 0.005443401481
100 1.231182682 1.387406432 0.004714437338
100 1.256832321 1.241968946 0.004671602833
100 1.28248196 1.121170413 0.004180824735
100 1.308131599 1.028304367 0.003423913206
100 1.333781238 0.9422901216 0.003544781602
100 1.359430878 0.8706155785 0.003197080501
100 1.385080517 0.810471778 0.003686251427
100 1.410730156 0.7645938376 0.003355170839
100 1.436379795 0.7305811322 0.003360961888
100 1.462029434 0.7073308713 0.003416653849
100 1.487679074 0.6903220408 0.002971459148
100 1.513328713 0.6742370653 0.003264221462
100 1.538978352 0.6667384447 0.002913965409
100 1.564627991 0.6689083027 0.002789823126
100 1.59027763 0.6759545669 0.002972173255
100 1.61592727 0.6871326365 0.003104660605
100 1.641576909 0.6961447579 0.002676217411
100 1.667226548 0.7223754358 0.002568552802
100 1.692876187 0.7493110124 0.002769802236
100 1.718525826 0.7789822072 0.002805227167
100 1.744175466 0.8136815082 0.003281227844
100 1.769825105 0.8509750125 0.003123073253
100 1.795474744 0.8950786259 0.003428070612
100 1.821124383 0.9414085233 0.003323173476
100 1.846774022 0.9843962752 0.002894640904
100 1.872423662 1.022471139 0.003139958914
100 1.898073301 1.060352664 0.003369124605
100 1.92372294 1.098332964 0.003353764219
100 1.949372579 1.133265485 0.00312025882
100 1.975022218 1.162696023 0.002987584156
100 2.000671858 1.188265228 0.00248059833
100 2.026321497 1.204640601 0.002849375604
100 2.051971136 1.213722602 0.002621172967
100 2.077620775 1.219330012 0.002675964974
100 2.103270414 1.212624487 0.002893483685
100 2.128920054 1.19685882 0.002741380549
100 2.154569693 1.177230855 0.002873952035
100 2.180219332 1.15168683 0.002921850077
100 2.205868971 1.125090632 0.002951018348
100 2.23151861 1.094201337 0.002833926378
100 2.25716825 1.064203916 0.003182715583
100 2.282817889 1.032225513 0.002841209077
100 2.308467528 1.004784108 0.002410851546
100 2.334117167 0.9803915821 0.002524646818
100 2.359766806 0.9570225204 0.002244093417
100 2.385416446 0.9392439154 0.002416008492
100 2.411066085 0.9245811241 0.002435617249
100 2.436715724 0.91362729 0.002284959371
100 2.462365363 0.9013798466 0.002198676965
100 2.488015002 0.8969096586 0.002299121686
100 2.513664642 0.8900575234 0.002101842564
100 2.539314281 0.8911779131 0.002114642023
