1   -3.487177   0
2   -3.487328   0.00015098024
3   -3.4875348   0.0002244042
4   -3.4875722   0.00016302107
5   -3.4874384   0.00018395487
6   -3.4874009   0.00015481536
7   -3.4873865   0.00013162919
8   -3.4873269   0.00012862099
9   -3.4874003   0.00013509545
10   -3.4874719   0.00014046553
11   -3.4873852   0.00015382679
12   -3.4873331   0.0001497696
13   -3.4871062   0.00026548295
14   -3.4869337   0.00030029237
15   -3.4869502   0.00028004702
16   -3.4869565   0.00026203603
17   -3.4869752   0.00024684479
18   -3.4870995   0.00026383114
19   -3.4871046   0.00024961172
20   -3.4870326   0.00024751179
21   -3.4869897   0.00023930813
22   -3.486934   0.00023485318
23   -3.486989   0.00023105369
24   -3.4869765   0.00022157119
25   -3.4869839   0.00021265269
26   -3.4869355   0.00020997684
27   -3.4869229   0.00020244147
28   -3.4869388   0.00019572097
29   -3.4868859   0.00019610228
30   -3.4868012   0.00020751294
31   -3.4867285   0.00021348653
32   -3.4867837   0.00021394294
33   -3.486799   0.00020792824
34   -3.486812   0.00020213678
35   -3.4868516   0.0002002367
36   -3.4868915   0.00019862842
37   -3.4868414   0.00019956097
38   -3.4868628   0.00019541545
39   -3.4868207   0.00019494516
40   -3.4867555   0.00020090318
41   -3.48676   0.00019599546
42   -3.486749   0.00019159345
43   -3.4867444   0.00018713893
44   -3.4867442   0.00018283644
45   -3.4867794   0.00018215685
46   -3.4867688   0.00017846968
47   -3.4867707   0.00017464208
48   -3.4867567   0.00017153808
49   -3.4867573   0.0001680018
50   -3.4867618   0.00016466979
51   -3.4867622   0.00016140904
52   -3.4867405   0.00015975267
53   -3.4867321   0.00015693122
54   -3.4867463   0.00015464372
55   -3.4867275   0.00015295572
56   -3.4867277   0.00015019963
57   -3.4867374   0.00014786072
58   -3.4867721   0.00014935944
59   -3.4867872   0.00014758295
60   -3.4867977   0.00014548381
61   -3.4868225   0.00014520894
62   -3.4868289   0.00014299122
63   -3.4868272   0.00014071344
64   -3.4868085   0.00013976009
65   -3.4867916   0.00013862367
66   -3.4867519   0.0001421628
67   -3.486745   0.00014019493
68   -3.4867429   0.00013813316
69   -3.4867391   0.00013617008
70   -3.4867556   0.00013522482
71   -3.4867269   0.0001363755
72   -3.4867247   0.00013448515
73   -3.4867221   0.00013265579
74   -3.4867219   0.00013085107
75   -3.4867227   0.00012909751
76   -3.4867418   0.00012879927
77   -3.4867472   0.00012723194
78   -3.4867698   0.0001276059
79   -3.4867797   0.00012636718
80   -3.4867688   0.00012525023
81   -3.4867756   0.00012387814
82   -3.4867827   0.00012256872
83   -3.4868123   0.00012465061
84   -3.4868389   0.00012599195
85   -3.4868386   0.00012450136
86   -3.4868466   0.00012330801
87   -3.4868449   0.00012189494
88   -3.4868478   0.00012053729
89   -3.4868548   0.00011938015
90   -3.48685   0.00011814294
91   -3.4868707   0.00011864957
92   -3.4868722   0.00011736227
93   -3.4868747   0.00011612087
94   -3.4868658   0.00011522096
95   -3.4868427   0.00011631473
96   -3.4868399   0.00011513064
97   -3.4868337   0.00011410773
98   -3.4868312   0.00011296412
99   -3.4868299   0.00011182519
100   -3.4868122   0.00011211139
