1   -5.0883776   0
2   -5.0883574   2.0212655e-05
3   -5.0912093   0.0028519277
4   -5.0831992   0.0082600222
5   -5.0777896   0.008378567
6   -5.0734881   0.0080810493
7   -5.0699042   0.0077129338
8   -5.0685614   0.006813233
9   -5.0727238   0.0073095715
10   -5.0705813   0.0068799937
11   -5.0674615   0.0069613917
12   -5.066326   0.0064555085
13   -5.0655528   0.0059883254
14   -5.065924   0.0055565213
15   -5.0653519   0.0052043735
16   -5.0656421   0.0048768886
17   -5.0653576   0.0045898651
18   -5.065704   0.0043412091
19   -5.0658988   0.0041109885
20   -5.0662003   0.0039116663
21   -5.0645825   0.0040572696
22   -5.0647128   0.0038706489
23   -5.0648105   0.0036998251
24   -5.0640689   0.0036191153
25   -5.0640662   0.0034713345
26   -5.0649008   0.0034380011
27   -5.0649367   0.003308413
28   -5.0643111   0.0032488704
29   -5.0639466   0.0031559615
30   -5.0639656   0.0030490077
31   -5.0642704   0.0029647248
32   -5.0646151   0.0028912067
33   -5.0642641   0.0028241269
34   -5.0642514   0.0027398348
35   -5.0648312   0.0027228344
36   -5.065764   0.0028057294
37   -5.0654358   0.0027485101
38   -5.0662993   0.0028111236
39   -5.065448   0.0028674012
40   -5.0646815   0.0028980025
41   -5.0645268   0.0028306643
42   -5.0640614   0.0028013754
43   -5.0638728   0.0027419449
44   -5.0635234   0.0027015881
45   -5.0642304   0.0027338687
46   -5.0641694   0.0026744738
47   -5.0644157   0.0026285173
48   -5.0648529   0.002610063
49   -5.0650825   0.0025665283
50   -5.0648941   0.0025217222
51   -5.0651003   0.0024803651
52   -5.0652175   0.0024350215
53   -5.0646525   0.0024545474
54   -5.0652306   0.0024770706
55   -5.0654141   0.0024385328
56   -5.0655315   0.0023974643
57   -5.065635   0.002357304
58   -5.06569   0.0023169575
59   -5.066444   0.002398921
60   -5.0665512   0.0023610319
61   -5.0669331   0.0023532077
62   -5.0666958   0.0023270715
63   -5.0663048   0.0023229852
64   -5.066133   0.0022928479
65   -5.0661327   0.0022572977
66   -5.0658827   0.002236847
67   -5.065984   0.0022055344
68   -5.0659443   0.0021732205
69   -5.0658471   0.0021436951
70   -5.0656839   0.002119145
71   -5.0655816   0.0020915868
72   -5.0654965   0.0020640904
73   -5.0658051   0.0020588811
74   -5.0656923   0.0020339959
75   -5.0657186   0.0020068646
76   -5.0656115   0.0019831774
77   -5.0659533   0.0019868864
78   -5.0661118   0.0019676354
79   -5.0662138   0.001945245
80   -5.0659385   0.0019404045
81   -5.066322   0.0019543118
82   -5.0665442   0.0019430778
83   -5.0669834   0.0019691285
84   -5.0670907   0.0019485007
85   -5.0668334   0.0019425556
86   -5.066748   0.0019217333
87   -5.0669972   0.0019157892
88   -5.066664   0.0019229766
89   -5.0661872   0.0019601196
90   -5.06585   0.0019673364
91   -5.065988   0.001950484
92   -5.0660849   0.0019315976
93   -5.0661463   0.0019117028
94   -5.0659097   0.0019060051
95   -5.065712   0.0018961629
96   -5.0653475   0.0019113871
97   -5.0654325   0.001893487
98   -5.0654341   0.0018740669
99   -5.065449   0.0018550999
100   -5.0650238   0.0018850197
