1   1.6012006   0
2   1.6010294   0.00017119293
3   1.6036745   0.0026469675
4   1.5956271   0.0082622433
5   1.5903512   0.008294157
6   1.5860873   0.0080027306
7   1.5825178   0.0076476678
8   1.5812345   0.0067462445
9   1.5853235   0.0072192745
10   1.5831094   0.0068261868
11   1.5800763   0.0068792467
12   1.5789928   0.0063726432
13   1.5784466   0.0058873725
14   1.5789903   0.0054776943
15   1.5784017   0.005133313
16   1.5786856   0.0048101603
17   1.5783825   0.0045285166
18   1.5786046   0.0042753009
19   1.5787942   0.0040484737
20   1.5791678   0.0038588438
21   1.5775928   0.0039941309
22   1.5777787   0.0038127907
23   1.5778215   0.0036434986
24   1.5770924   0.0035637654
25   1.5770822   0.0034182587
26   1.5779653   0.0034008143
27   1.5780138   0.0032727943
28   1.5773724   0.0032183198
29   1.5770607   0.003120964
30   1.5771643   0.0030169193
31   1.5775419   0.0029423039
32   1.5778315   0.0028635503
33   1.577465   0.0027995033
34   1.5774394   0.0027160382
35   1.5779795   0.0026920326
36   1.5788725   0.0027643955
37   1.5785944   0.002702994
38   1.5794365   0.0027623932
39   1.5786272   0.0028096905
40   1.577926   0.0028269043
41   1.5777668   0.0027616886
42   1.5773124   0.0027331543
43   1.5771284   0.0026751774
44   1.5767792   0.0026368875
45   1.577451   0.0026637341
46   1.5774006   0.0026056717
47   1.5776449   0.0025613121
48   1.5780962   0.0025476708
49   1.5783252   0.0025056215
50   1.5781323   0.0024625675
51   1.5783381   0.0024225583
52   1.578477   0.0023795717
53   1.5779203   0.002399699
54   1.5784843   0.0024214385
55   1.5786866   0.0023855942
56   1.5788038   0.0023455349
57   1.5788976   0.0023059281
58   1.578918   0.0022659136
59   1.5796569   0.0023465396
60   1.5797535   0.0023091207
61   1.5801106   0.0022988664
62   1.5798669   0.0022745764
63   1.5794776   0.0022717925
64   1.5793245   0.0022412479
65   1.5793411   0.0022065603
66   1.5791308   0.002183023
67   1.579239   0.002152913
68   1.5792013   0.0021213501
69   1.579108   0.0020924619
70   1.5789283   0.0020701726
71   1.5788548   0.0020421303
72   1.5787717   0.0020152787
73   1.579083   0.0020117018
74   1.5789704   0.0019875188
75   1.5789958   0.001961004
76   1.5788697   0.001939136
77   1.5792061   0.0019431339
78   1.579342   0.0019228631
79   1.5794341   0.0019006008
80   1.5791696   0.0018952308
81   1.5795465   0.001909244
82   1.5797615   0.0018980348
83   1.5801711   0.0019192419
84   1.5802518   0.0018979727
85   1.5799948   0.0018930295
86   1.5799014   0.0018732203
87   1.5801523   0.0018684884
88   1.5798162   0.0018774624
89   1.5793324   0.0019182538
90   1.579   0.0019257335
91   1.5791173   0.0019080646
92   1.5792127   0.00188962
93   1.5792716   0.0018701197
94   1.5790438   0.0018640873
95   1.5788693   0.0018526025
96   1.5785076   0.0018685492
97   1.5785988   0.0018514332
98   1.5786029   0.0018324482
99   1.5786191   0.0018139165
100   1.5782117   0.0018413207
