1   1.0674671   0
2   1.0673529   0.00011412862
3   1.0691163   0.001764645
4   1.0637514   0.0055081622
5   1.0602342   0.005529438
6   1.0573915   0.0053351538
7   1.0550118   0.0050984452
8   1.0541563   0.0044974964
9   1.0568823   0.0048128496
10   1.0554062   0.0045507912
11   1.0533842   0.0045861645
12   1.0526619   0.0042484288
13   1.0522978   0.003924915
14   1.0526602   0.0036517962
15   1.0522678   0.0034222086
16   1.0524571   0.0032067735
17   1.052255   0.0030190111
18   1.0524031   0.0028502006
19   1.0525295   0.0026989825
20   1.0527785   0.0025725625
21   1.0517285   0.0026627539
22   1.0518525   0.0025418605
23   1.051881   0.002428999
24   1.0513949   0.0023758436
25   1.0513882   0.0022788391
26   1.0519769   0.0022672095
27   1.0520092   0.0021818629
28   1.0515816   0.0021455465
29   1.0513738   0.0020806427
30   1.0514429   0.0020112796
31   1.0516946   0.001961536
32   1.0518876   0.0019090335
33   1.0516434   0.0018663356
34   1.0516263   0.0018106921
35   1.0519863   0.0017946884
36   1.0525817   0.0018429304
37   1.0523962   0.001801996
38   1.0529577   0.0018415954
39   1.0524182   0.001873127
40   1.0519507   0.0018846029
41   1.0518445   0.0018411257
42   1.0515416   0.0018221029
43   1.0514189   0.0017834516
44   1.0511861   0.001757925
45   1.051634   0.0017758228
46   1.0516004   0.0017371145
47   1.0517633   0.0017075414
48   1.0520641   0.0016984472
49   1.0522168   0.0016704143
50   1.0520882   0.0016417117
51   1.0522254   0.0016150389
52   1.052318   0.0015863811
53   1.0519469   0.0015997993
54   1.0523229   0.0016142923
55   1.0524577   0.0015903961
56   1.0525358   0.0015636899
57   1.0525984   0.0015372854
58   1.052612   0.0015106091
59   1.0531046   0.0015643597
60   1.053169   0.0015394138
61   1.0534071   0.0015325776
62   1.0532446   0.0015163843
63   1.0529851   0.0015145283
64   1.052883   0.0014941653
65   1.0528941   0.0014710402
66   1.0527539   0.0014553487
67   1.052826   0.0014352753
68   1.0528009   0.0014142334
69   1.0527387   0.0013949746
70   1.0526188   0.001380115
71   1.0525698   0.0013614202
72   1.0525145   0.0013435191
73   1.052722   0.0013411346
74   1.052647   0.0013250125
75   1.0526639   0.001307336
76   1.0525798   0.0012927573
77   1.0528041   0.0012954226
78   1.0528946   0.0012819087
79   1.0529561   0.0012670672
80   1.0527798   0.0012634872
81   1.053031   0.0012728293
82   1.0531743   0.0012653565
83   1.0534474   0.0012794946
84   1.0535012   0.0012653151
85   1.0533299   0.0012620197
86   1.0532676   0.0012488135
87   1.0534349   0.001245659
88   1.0532108   0.0012516416
89   1.0528883   0.0012788359
90   1.0526667   0.0012838223
91   1.0527449   0.0012720431
92   1.0528085   0.0012597467
93   1.0528478   0.0012467465
94   1.0526959   0.0012427248
95   1.0525795   0.0012350683
96   1.0523384   0.0012456995
97   1.0523992   0.0012342888
98   1.0524019   0.0012216321
99   1.0524127   0.0012092777
100   1.0521411   0.0012275472
