1   1.4420887   0
2   1.4420976   8.8656524e-06
3   1.4421223   2.5236712e-05
4   1.4421429   2.7236407e-05
5   1.4421782   4.1161504e-05
6   1.4422067   4.4059032e-05
7   1.4422218   4.0188674e-05
8   1.4422342   3.6932031e-05
9   1.4422487   3.5658156e-05
10   1.4422592   3.3572092e-05
11   1.4422621   3.0509293e-05
12   1.442264   2.7915022e-05
13   1.442274   2.7572098e-05
14   1.4422834   2.7175744e-05
15   1.4422889   2.5903147e-05
16   1.4422947   2.4904347e-05
17   1.4422981   2.3640117e-05
18   1.4422994   2.2326147e-05
19   1.4422973   2.122169e-05
20   1.4422919   2.085423e-05
21   1.4422843   2.1219693e-05
22   1.4422753   2.2132007e-05
23   1.4422693   2.1997877e-05
24   1.4422651   2.1482362e-05
25   1.4422662   2.0636503e-05
26   1.4422711   2.0435339e-05
27   1.4422757   2.0193384e-05
28   1.442278   1.9589337e-05
29   1.4422807   1.9088831e-05
30   1.4422828   1.8563876e-05
31   1.4422835   1.7969687e-05
32   1.4422825   1.7428125e-05
33   1.4422823   1.6893496e-05
34   1.4422839   1.6471227e-05
35   1.4422873   1.6356582e-05
36   1.44229   1.6123985e-05
37   1.4422885   1.5759871e-05
38   1.442287   1.5408279e-05
39   1.442288   1.5040454e-05
40   1.4422888   1.468387e-05
41   1.4422917   1.4605977e-05
42   1.4422924   1.4268547e-05
43   1.4422919   1.3939032e-05
44   1.4422939   1.3760124e-05
45   1.4422946   1.3469198e-05
46   1.4422929   1.328351e-05
47   1.4422897   1.3378413e-05
48   1.4422868   1.3431927e-05
49   1.442284   1.3440392e-05
50   1.4422829   1.3211078e-05
51   1.4422812   1.3069009e-05
52   1.4422813   1.2815825e-05
53   1.4422814   1.2572002e-05
54   1.4422816   1.233836e-05
55   1.4422819   1.2116506e-05
56   1.4422831   1.1958563e-05
57   1.4422838   1.1769371e-05
58   1.4422851   1.1627988e-05
59   1.4422854   1.1434655e-05
60   1.4422856   1.1244436e-05
61   1.4422867   1.1112507e-05
62   1.4422875   1.0960294e-05
63   1.4422878   1.0789384e-05
64   1.4422874   1.0627292e-05
65   1.442287   1.0470257e-05
66   1.4422865   1.0322414e-05
67   1.4422854   1.0228967e-05
68   1.4422842   1.0146584e-05
69   1.4422853   1.0062155e-05
70   1.4422855   9.918854e-06
71   1.4422853   9.7809171e-06
72   1.4422854   9.6447844e-06
73   1.4422864   9.5643799e-06
74   1.4422868   9.4435008e-06
75   1.4422856   9.3882413e-06
76   1.4422839   9.4342081e-06
77   1.4422824   9.4311678e-06
78   1.4422819   9.3207922e-06
79   1.4422816   9.2083587e-06
80   1.4422807   9.1315474e-06
81   1.4422798   9.0593582e-06
82   1.4422805   8.9724836e-06
83   1.4422814   8.909893e-06
84   1.4422824   8.8616168e-06
85   1.4422827   8.7596554e-06
86   1.4422824   8.6615004e-06
87   1.4422822   8.5639259e-06
88   1.4422818   8.4742893e-06
89   1.4422815   8.3843057e-06
90   1.4422817   8.2932399e-06
91   1.4422819   8.2051873e-06
92   1.4422817   8.1193824e-06
93   1.442282   8.0387593e-06
94   1.4422827   7.983263e-06
95   1.4422829   7.9008205e-06
96   1.4422823   7.8444997e-06
97   1.4422804   7.974357e-06
98   1.4422785   8.1356077e-06
99   1.4422778   8.0824273e-06
100   1.4422779   8.0015924e-06
