1   -0.38186685   0
2   -0.40553382   0.023666972
3   -0.38516087   0.024530913
4   -0.38363236   0.01741319
5   -0.38774359   0.014100843
6   -0.39452594   0.013362488
7   -0.39073824   0.011911621
8   -0.39094595   0.010317857
9   -0.38997115   0.0091515588
10   -0.38676431   0.00879117
11   -0.38781703   0.0080212923
12   -0.38347114   0.0085149501
13   -0.37913213   0.0089541539
14   -0.37617318   0.0088021836
15   -0.3737164   0.0085547476
16   -0.37520268   0.0081390881
17   -0.37669699   0.0077900088
18   -0.37835082   0.0075283925
19   -0.38045054   0.0074242527
20   -0.38096343   0.0070619142
21   -0.38199992   0.0067967166
22   -0.3812644   0.0065220217
23   -0.38173519   0.006249765
24   -0.37983099   0.006279379
25   -0.37709356   0.0066158656
26   -0.3746164   0.0068219543
27   -0.3736519   0.0066349068
28   -0.37236273   0.0065222336
29   -0.37098424   0.0064425148
30   -0.37063891   0.0062336334
31   -0.37229771   0.0062532265
32   -0.37212693   0.0060570688
33   -0.37285978   0.0059162182
34   -0.3720525   0.0057960694
35   -0.37034983   0.0058799504
36   -0.3679231   0.0062082283
37   -0.36691899   0.0061210268
38   -0.36743102   0.0059797322
39   -0.36731426   0.0058255582
40   -0.36767341   0.0056893988
41   -0.36794907   0.0055557412
42   -0.36683508   0.0055351079
43   -0.36544072   0.005581815
44   -0.3658776   0.0054709519
45   -0.36597843   0.0053489439
46   -0.36698351   0.0053270448
47   -0.36736628   0.005226507
48   -0.36884874   0.0053268998
49   -0.3695951   0.0052701734
50   -0.37123254   0.0054170966
51   -0.37277339   0.005528868
52   -0.37306193   0.0054291737
53   -0.3730891   0.0053258207
54   -0.37328253   0.0052298421
55   -0.3734353   0.0051361461
56   -0.3741154   0.005089242
57   -0.37452437   0.0050158606
58   -0.37409717   0.0049471014
59   -0.37449603   0.0048788607
60   -0.37523383   0.0048532651
61   -0.37585232   0.0048129455
62   -0.37649477   0.0047780694
63   -0.3761776   0.0047123011
64   -0.37612282   0.0046384105
65   -0.3767988   0.004616255
66   -0.37730604   0.0045739859
67   -0.37737333   0.0045057029
68   -0.3778726   0.0044669367
69   -0.37793993   0.0044022374
70   -0.37823386   0.0043488371
71   -0.37838871   0.0042899439
72   -0.37866573   0.0042390028
73   -0.37898904   0.0041930149
74   -0.37911282   0.0041378162
75   -0.37945751   0.0040967984
76   -0.38064603   0.0042136271
77   -0.3815513   0.0042559378
78   -0.38221508   0.0042531382
79   -0.38241208   0.0042035747
80   -0.3824447   0.0041508255
81   -0.38259216   0.0041019118
82   -0.38262698   0.0040517293
83   -0.38224371   0.0040209236
84   -0.38192608   0.0039854447
85   -0.38174141   0.0039426052
86   -0.38211298   0.0039141669
87   -0.38321173   0.0040219097
88   -0.38359462   0.0039943375
89   -0.38389746   0.0039607969
90   -0.38415277   0.0039248538
91   -0.38434458   0.0038862201
92   -0.38481814   0.0038728082
93   -0.38510109   0.0038413742
94   -0.38470494   0.0038208812
95   -0.38449347   0.0037863574
96   -0.38452465   0.0037468383
97   -0.38473979   0.0037142459
98   -0.3852213   0.0037075514
99   -0.38542504   0.0036755614
100   -0.38534152   0.0036395787
