1   1.8239556   0
2   1.8476314   0.023675837
3   1.8272831   0.024513247
4   1.8257752   0.017398951
5   1.8299218   0.014100646
6   1.8367326   0.013376833
7   1.8329601   0.011918322
8   1.8331801   0.010323915
9   1.8322198   0.0091553374
10   1.8290235   0.0087904999
11   1.8300791   0.0080210781
12   1.8257351   0.008513818
13   1.8214062   0.0089483803
14   1.8184565   0.0087940184
15   1.8160053   0.0085458701
16   1.8174974   0.0081319778
17   1.8189951   0.0077841084
18   1.8206502   0.007523252
19   1.8227478   0.0074189974
20   1.8232553   0.0070565487
21   1.8242842   0.0067905267
22   1.8235397   0.0065171762
23   1.8240045   0.0062446946
24   1.822096   0.0062760388
25   1.8193597   0.0066124784
26   1.8168875   0.0068171259
27   1.8159276   0.0066296432
28   1.8146407   0.0065168155
29   1.8132649   0.0064368377
30   1.8129217   0.0062280396
31   1.8145812   0.0062482027
32   1.8144094   0.0060522349
33   1.815142   0.0059115391
34   1.8143364   0.0057913456
35   1.8126372   0.0058745682
36   1.8102131   0.0062023571
37   1.8092075   0.0061156508
38   1.809718   0.0059743945
39   1.8096023   0.0058203404
40   1.8099623   0.0056843767
41   1.8102408   0.0055509923
42   1.8091274   0.0055304386
43   1.8077327   0.0055775047
44   1.8081715   0.0054669118
45   1.8082731   0.0053450087
46   1.8092764   0.0053229428
47   1.809656   0.0052222728
48   1.8111355   0.0053220889
49   1.8118791   0.0052651194
50   1.8135155   0.0054120573
51   1.8150546   0.0055236326
52   1.8153432   0.0054240539
53   1.8153705   0.005320799
54   1.8155641   0.0052249244
55   1.8157172   0.0051313307
56   1.8163985   0.0050847165
57   1.8168082   0.0050114894
58   1.8163822   0.0049427177
59   1.8167814   0.0048745953
60   1.8175194   0.0048491523
61   1.818139   0.0048090749
62   1.8187823   0.0047744028
63   1.8184654   0.0047086804
64   1.8184102   0.0046348519
65   1.8190858   0.0046127305
66   1.8195925   0.0045704814
67   1.8196587   0.0045022347
68   1.8201568   0.0044634092
69   1.8202253   0.0043987793
70   1.8205194   0.0043454481
71   1.820674   0.0042865968
72   1.8209511   0.004235717
73   1.8212754   0.0041898615
74   1.8213996   0.0041347197
75   1.8217431   0.0040936571
76   1.8229299   0.00421015
77   1.8238337   0.0042522653
78   1.824497   0.0042494859
79   1.8246936   0.0041999569
80   1.8247254   0.0041472468
81   1.824872   0.0040983488
82   1.8249075   0.004048216
83   1.8245251   0.0040173823
84   1.8242085   0.003981876
85   1.8240241   0.0039390721
86   1.8243954   0.0039106649
87   1.8254939   0.0040185228
88   1.8258764   0.0039909689
89   1.8261789   0.0039574523
90   1.8264345   0.0039215672
91   1.8266265   0.0038829857
92   1.8270998   0.0038696025
93   1.8273831   0.0038382368
94   1.8269877   0.0038177219
95   1.8267764   0.0037832263
96   1.8268069   0.0037437348
97   1.8270202   0.0037110745
98   1.8274998   0.0037041832
99   1.8277028   0.0036721943
100   1.8276194   0.0036362445
