1   1.2159704   0
2   1.2317543   0.015783891
3   1.2181888   0.016342165
4   1.2171835   0.011599301
5   1.2199479   0.0094004306
6   1.2244884   0.0089178884
7   1.2219734   0.0079455477
8   1.2221201   0.0068826099
9   1.2214799   0.0061035583
10   1.219349   0.0058603332
11   1.2200528   0.0053473854
12   1.2171568   0.0056758787
13   1.2142708   0.0059655869
14   1.2123044   0.0058626789
15   1.2106702   0.0056972467
16   1.2116649   0.0054213185
17   1.2126634   0.0051894056
18   1.2137668   0.0050155013
19   1.2151652   0.0049459983
20   1.2155035   0.0047043658
21   1.2161895   0.0045270178
22   1.2156932   0.0043447841
23   1.216003   0.0041631297
24   1.2147307   0.0041840259
25   1.2129065   0.004408319
26   1.2112584   0.0045447506
27   1.2106184   0.0044197622
28   1.2097605   0.0043445437
29   1.2088433   0.0042912252
30   1.2086145   0.0041520264
31   1.2097208   0.0041654685
32   1.2096063   0.0040348233
33   1.2100947   0.0039410261
34   1.2095576   0.003860897
35   1.2084248   0.0039163788
36   1.2068088   0.0041349047
37   1.2061383   0.0040771006
38   1.2064787   0.0039829296
39   1.2064015   0.0038802269
40   1.2066415   0.0037895844
41   1.2068272   0.0037006615
42   1.206085   0.0036869591
43   1.2051551   0.0037183365
44   1.2054477   0.0036446079
45   1.2055154   0.0035633391
46   1.2061843   0.0035486286
47   1.2064373   0.0034815152
48   1.2074237   0.0035480593
49   1.2079194   0.0035100796
50   1.2090103   0.0036080382
51   1.2100364   0.0036824218
52   1.2102288   0.0036160359
53   1.210247   0.0035471993
54   1.2103761   0.003483283
55   1.2104781   0.0034208872
56   1.2109323   0.003389811
57   1.2112055   0.003340993
58   1.2109215   0.0032951452
59   1.2111876   0.0032497302
60   1.2116796   0.0032327682
61   1.2120927   0.0032060499
62   1.2125215   0.0031829352
63   1.2123103   0.0031391202
64   1.2122735   0.0030899013
65   1.2127239   0.0030751536
66   1.2130617   0.0030469876
67   1.2131058   0.0030014898
68   1.2134379   0.0029756061
69   1.2134835   0.0029325195
70   1.2136796   0.0028969654
71   1.2137826   0.0028577312
72   1.2139674   0.0028238114
73   1.2141836   0.002793241
74   1.2142664   0.0027564798
75   1.2144954   0.0027291047
76   1.2152866   0.0028067666
77   1.2158891   0.0028348435
78   1.2163313   0.0028329906
79   1.2164624   0.0027999712
80   1.2164836   0.0027648312
81   1.2165813   0.0027322325
82   1.216605   0.0026988106
83   1.2163501   0.0026782549
84   1.216139   0.002654584
85   1.216016   0.0026260481
86   1.2162636   0.00260711
87   1.2169959   0.0026790152
88   1.2172509   0.0026606459
89   1.2174526   0.0026383015
90   1.217623   0.0026143781
91   1.217751   0.0025886571
92   1.2180665   0.002579735
93   1.2182554   0.0025588245
94   1.2179918   0.0025451479
95   1.2178509   0.0025221509
96   1.2178713   0.0024958232
97   1.2180135   0.0024740497
98   1.2183332   0.0024694554
99   1.2184685   0.0024481295
100   1.2184129   0.002424163
