100 0 0 0
100 0.0646330407 0 0
100 0.1292660814 0 0
100 0.1938991221 0 0
100 0.2585321628 0 0
100 0.3231652035 0 0
100 0.3877982442 0 0
100 0.4524312849 0 0
100 0.5170643256 0 0
100 0.5816973663 0 0
100 0.646330407 0 0
100 0.7109634477 0 0
100 0.7755964884 0 0
100 0.8402295291 0.001197364924 0.0003183889263
100 0.9048625698 0.149934662 0.005566538684
100 0.9694956105 0.9897732751 0.01757527078
100 1.034128651 1.850438457 0.02961082716
100 1.098761692 2.052732231 0.03478934111
100 1.163394733 1.913091382 0.02942800504
100 1.228027773 1.716424954 0.0244723355
100 1.292660814 1.517390041 0.0245118874
100 1.357293855 1.373701318 0.01992146681
100 1.421926895 1.287388203 0.01900383212
100 1.486559936 1.186415828 0.01758002835
100 1.551192977 1.120175608 0.01618103733
100 1.615826018 1.090526234 0.01432641215
100 1.680459058 1.067330752 0.01555380805
100 1.745092099 1.065938649 0.01422715463
100 1.80972514 1.049606788 0.01536834478
100 1.87435818 1.035648604 0.01216813266
100 1.938991221 1.032111286 0.01246822663
100 2.003624262 1.026846182 0.01339083259
100 2.068257302 1.037884125 0.01319763012
100 2.132890343 1.034424166 0.0120516392
100 2.197523384 1.039400612 0.01088875472
100 2.262156425 1.032794035 0.01030702078
100 2.326789465 1.019065297 0.009755727642
100 2.391422506 1.025020321 0.01067587548
100 2.456055547 1.011883075 0.009267467878
100 2.520688587 1.000819716 0.008754080182
100 2.585321628 1.000282581 0.008935203452
100 2.649954669 1.016450262 0.008215624975
100 2.714587709 1.01718614 0.009169966935
100 2.77922075 1.009446166 0.008419745792
100 2.843853791 1.002028249 0.008002392628
100 2.908486832 0.9947203715 0.007800341794
100 2.973119872 0.9928625352 0.007959212912
100 3.037752913 0.9940707168 0.008377017965
100 3.102385954 0.9989302181 0.007668847467
100 3.167018994 0.993744443 0.00717502083
100 3.231652035 0.9937655113 0.007040683503
100 3.296285076 0.9837857835 0.006743973494
100 3.360918116 0.9866616074 0.007019855886
100 3.425551157 0.9995135998 0.006962487763
100 3.490184198 0.9933214347 0.006382489462
100 3.554817239 0.9819382495 0.006271739471
100 3.619450279 0.9853735054 0.006261872758
100 3.68408332 0.9898812321 0.00660638901
100 3.748716361 0.9872718045 0.006116305759
100 3.813349401 0.9853624484 0.00625183505
100 3.877982442 0.9887945558 0.00650400687
100 3.942615483 0.9841377997 0.005576858696
100 4.007248523 0.9880714921 0.005440144392
100 4.071881564 0.9851802245 0.005512891918
100 4.136514605 0.9826976788 0.005032017768
100 4.201147646 0.9848054092 0.004827497298
100 4.265780686 0.9846360082 0.00522128909
100 4.330413727 0.9774343317 0.005532256159
100 4.395046768 0.9839512065 0.005186291698
100 4.459679808 0.9823328359 0.00474959584
100 4.524312849 0.9810817506 0.004831313546
100 4.58894589 0.9760642766 0.004774766339
100 4.65357893 0.9772554445 0.00481144802
100 4.718211971 0.9793959008 0.004986156941
100 4.782845012 0.9827889807 0.005222865644
100 4.847478053 0.9825374988 0.0047832116
100 4.912111093 0.9894194949 0.004834622778
100 4.976744134 0.9899501891 0.00417146274
100 5.041377175 0.9879806409 0.004555149778
100 5.106010215 0.9878299903 0.004571926401
100 5.170643256 0.9820934446 0.00441619465
100 5.235276297 0.9812341335 0.003716784159
100 5.299909337 0.9772215706 0.00424829331
100 5.364542378 0.9822931011 0.004183905178
100 5.429175419 0.9883137745 0.003831653703
100 5.49380846 0.9888580438 0.003824128021
100 5.5584415 0.9877570701 0.004209410343
100 5.623074541 0.9843526955 0.00401530713
100 5.687707582 0.9842037469 0.004018643752
100 5.752340622 0.9859197131 0.003955121111
100 5.816973663 0.9848162803 0.004030495729
100 5.881606704 0.9823081907 0.003953791224
100 5.946239744 0.9781430156 0.003584552211
100 6.010872785 0.9808808734 0.003520569439
100 6.075505826 0.988453707 0.003755327889
100 6.140138867 0.9881476533 0.003779093565
100 6.204771907 0.9874842689 0.003810810968
100 6.269404948 0.9915466885 0.004089530345
100 6.334037989 0.9871334743 0.003766483288
100 6.398671029 0.9837632297 0.003689529278
