1   -5.3033026   0
2   -5.3037905   0.00048793158
3   -5.3042032   0.00049964888
4   -5.3039515   0.00043381106
5   -5.3038706   0.00034562784
6   -5.3038641   0.00028227962
7   -5.3039043   0.00024194229
8   -5.3038757   0.00021146735
9   -5.3038684   0.00018663907
10   -5.303888   0.0001680817
11   -5.3039008   0.00015257207
12   -5.3038933   0.00013948325
13   -5.3038242   0.00014573532
14   -5.3038303   0.00013506541
15   -5.3038209   0.00012609548
16   -5.3038685   0.00012720952
17   -5.3038801   0.00012005723
18   -5.3038572   0.00011547968
19   -5.3039121   0.00012225231
20   -5.3039576   0.00012456952
21   -5.3039522   0.00011861245
22   -5.3039288   0.0001154787
23   -5.3039137   0.00011137362
24   -5.3039392   0.00010963875
25   -5.303975   0.00011108432
26   -5.303955   0.00010859627
27   -5.3039594   0.00010459309
28   -5.3039567   0.00010082626
29   -5.3039465   9.7816483e-05
30   -5.3038782   0.00011659204
31   -5.3038791   0.00011277157
32   -5.3038878   0.00010953346
33   -5.3038891   0.00010617037
34   -5.3038743   0.00010404958
35   -5.3038748   0.00010103402
36   -5.3038781   9.8243171e-05
37   -5.3038731   9.5678632e-05
38   -5.3038684   9.3248258e-05
39   -5.3038535   9.2043669e-05
40   -5.3038692   9.1081527e-05
41   -5.3038706   8.8843993e-05
42   -5.3038416   9.1441169e-05
43   -5.3038333   8.9676044e-05
44   -5.3038419   8.8038016e-05
45   -5.3038363   8.6241488e-05
46   -5.3038452   8.4815782e-05
47   -5.3038566   8.376501e-05
48   -5.3038531   8.2074972e-05
49   -5.3038575   8.0504086e-05
50   -5.3038568   7.8880926e-05
51   -5.3038441   7.834889e-05
52   -5.3038393   7.6976465e-05
53   -5.3038147   7.9431056e-05
54   -5.303813   7.7964087e-05
55   -5.3038181   7.6702449e-05
56   -5.3037855   8.2077487e-05
57   -5.3037835   8.0648257e-05
58   -5.3037805   7.9303844e-05
59   -5.3037903   7.8564822e-05
60   -5.3038133   8.0583086e-05
61   -5.3038166   7.9319655e-05
62   -5.3038266   7.8677523e-05
63   -5.3038337   7.773969e-05
64   -5.3038305   7.6580345e-05
65   -5.3038311   7.5394832e-05
66   -5.3038319   7.4248733e-05
67   -5.303838   7.3381252e-05
68   -5.3038417   7.23876e-05
69   -5.3038436   7.1358133e-05
70   -5.3038404   7.0404039e-05
71   -5.3038398   6.9408167e-05
72   -5.3038442   6.8574666e-05
73   -5.3038478   6.7726422e-05
74   -5.3038547   6.716015e-05
75   -5.3038408   6.7691882e-05
76   -5.3038386   6.6833002e-05
77   -5.3038283   6.6750512e-05
78   -5.303834   6.6130738e-05
79   -5.3038274   6.5614474e-05
80   -5.3038151   6.595573e-05
81   -5.3038208   6.538931e-05
82   -5.3038176   6.4668802e-05
83   -5.3038159   6.3907763e-05
84   -5.3038169   6.3150193e-05
85   -5.3038177   6.2408478e-05
86   -5.3038103   6.2124236e-05
87   -5.3038096   6.1409649e-05
88   -5.30381   6.0708847e-05
89   -5.3038161   6.0334449e-05
90   -5.3038137   5.9707206e-05
91   -5.3038009   6.0422233e-05
92   -5.3038036   5.9820014e-05
93   -5.3037968   5.9559252e-05
94   -5.3037954   5.8939276e-05
95   -5.3037933   5.8352271e-05
96   -5.3038043   5.8785875e-05
97   -5.3038016   5.8239344e-05
98   -5.3037983   5.7736982e-05
99   -5.3038016   5.7245827e-05
100   -5.3038006   5.6678834e-05
