1   -6.5890417   0
2   -6.5926501   0.0036084587
3   -6.5908745   0.0027373661
4   -6.5900099   0.0021199131
5   -6.5892272   0.00181908
6   -6.5898587   0.0016139315
7   -6.5896029   0.0013877878
8   -6.5903016   0.0013901627
9   -6.5903038   0.0012260103
10   -6.5896899   0.001256715
11   -6.5892974   0.0012026165
12   -6.5887699   0.0012179872
13   -6.5885744   0.0011372986
14   -6.5884968   0.0010557942
15   -6.5885953   0.00098782001
16   -6.5883544   0.00095491267
17   -6.5881556   0.00091874663
18   -6.5882851   0.0008758225
19   -6.5882639   0.00082871519
20   -6.5885908   0.00085144168
21   -6.5885718   0.00081010502
22   -6.5884823   0.00077757697
23   -6.5881447   0.00081610582
24   -6.5883591   0.00081025088
25   -6.5885512   0.00080055663
26   -6.5885152   0.00076999181
27   -6.5885528   0.00074187468
28   -6.588633   0.00071938026
29   -6.5886249   0.00069417875
30   -6.5884241   0.00070006436
31   -6.5883916   0.00067788257
32   -6.5884777   0.00066198211
33   -6.5885709   0.00064834602
34   -6.5883864   0.00065550907
35   -6.5883494   0.00063757547
36   -6.5885048   0.00063878074
37   -6.5885122   0.00062132167
38   -6.5884991   0.00060489201
39   -6.5884082   0.00059615272
40   -6.5885421   0.00059629224
41   -6.5886178   0.00058647182
42   -6.5885369   0.00057803037
43   -6.5884722   0.00056812303
44   -6.5883915   0.00056089788
45   -6.5883419   0.00055052884
46   -6.5883123   0.00053924304
47   -6.5882683   0.00052947798
48   -6.5883723   0.00052866925
49   -6.5882836   0.00052530864
50   -6.5882363   0.00051686346
51   -6.5881561   0.00051293699
52   -6.5881893   0.00050407168
53   -6.5880759   0.00050730706
54   -6.5880674   0.00049789725
55   -6.5880184   0.0004912085
56   -6.587868   0.00050525792
57   -6.5878143   0.00049921329
58   -6.5878478   0.00049167552
59   -6.5878753   0.00048404892
60   -6.5878873   0.00047606438
61   -6.5878782   0.00046828372
62   -6.587938   0.00046453179
63   -6.5879222   0.00045737077
64   -6.5879029   0.00045058083
65   -6.5878316   0.00044928255
66   -6.5878763   0.00044467114
67   -6.5878848   0.00043806684
68   -6.5878539   0.00043268539
69   -6.587867   0.00042657159
70   -6.5878155   0.00042358343
71   -6.5878538   0.00041933485
72   -6.5877474   0.00042694018
73   -6.5877732   0.00042183703
74   -6.5878065   0.00041742764
75   -6.5877684   0.00041357942
76   -6.5877644   0.00040812051
77   -6.5876879   0.00041000183
78   -6.5875993   0.00041428086
79   -6.5875728   0.00040986012
80   -6.5874605   0.00041999787
81   -6.5875097   0.00041767915
82   -6.5875049   0.00041258187
83   -6.5875199   0.0004078561
84   -6.5874981   0.00040356039
85   -6.5874722   0.00039962483
86   -6.5874039   0.00040080885
87   -6.5873925   0.00039633868
88   -6.5874037   0.00039196996
89   -6.5874168   0.00038776244
90   -6.5874195   0.00038343873
91   -6.5873404   0.00038735188
92   -6.5872328   0.00039794263
93   -6.5872516   0.00039409026
94   -6.5871655   0.00039927581
95   -6.5871902   0.00039581945
96   -6.5871564   0.00039312397
97   -6.5871718   0.00038935323
98   -6.587131   0.00038751438
99   -6.5871495   0.00038402562
100   -6.5872282   0.00038822268
