1   1.285739   0
2   1.2888596   0.0031205271
3   1.2866713   0.0028345196
4   1.2860585   0.0020959006
5   1.2853566   0.0017686796
6   1.2859946   0.0015787723
7   1.2856986   0.0013667423
8   1.2864258   0.0013891775
9   1.2864354   0.0012251762
10   1.2858019   0.0012657586
11   1.2853965   0.0012145579
12   1.2848766   0.001224596
13   1.2847503   0.0011335226
14   1.2846665   0.0010527807
15   1.2847745   0.00098602162
16   1.2844859   0.00096642517
17   1.2842755   0.00093186465
18   1.2844278   0.00089167836
19   1.2843518   0.00084686514
20   1.2846332   0.00085127514
21   1.2846196   0.00080983801
22   1.2845535   0.00077498134
23   1.284231   0.00080769693
24   1.2844199   0.00079605549
25   1.2845762   0.00077938678
26   1.2845603   0.00074898004
27   1.2845933   0.00072146332
28   1.2846764   0.0007001598
29   1.2846784   0.00067558808
30   1.2845458   0.0006660011
31   1.2845125   0.00064501994
32   1.28459   0.00062932258
33   1.2846819   0.00061684208
34   1.2845121   0.00062205695
35   1.2844747   0.00060517841
36   1.2846267   0.0006074529
37   1.2846391   0.00059093783
38   1.2846308   0.00057523715
39   1.2845548   0.00056542467
40   1.284673   0.00056364027
41   1.2847472   0.0005547126
42   1.2846953   0.00054382332
43   1.284639   0.00053400953
44   1.2845496   0.00052932493
45   1.2845056   0.00051929398
46   1.2844671   0.00050934094
47   1.2844117   0.00050145299
48   1.2845192   0.00050253214
49   1.2844261   0.00050089983
50   1.2843796   0.00049298376
51   1.284312   0.00048791827
52   1.28435   0.00047995023
53   1.2842613   0.00047910053
54   1.2842544   0.00047019494
55   1.2842003   0.00046472251
56   1.2840825   0.00047130187
57   1.2840308   0.00046584504
58   1.2840673   0.00045920151
59   1.284085   0.00045169519
60   1.284074   0.00044423819
61   1.2840616   0.00043707122
62   1.2841113   0.00043282774
63   1.2840885   0.00042651343
64   1.2840723   0.00042010636
65   1.2840005   0.0004197774
66   1.2840443   0.00041568162
67   1.2840468   0.00040943791
68   1.2840122   0.00040485603
69   1.2840234   0.00039910223
70   1.283975   0.00039632134
71   1.284014   0.0003926416
72   1.2839033   0.00040267534
73   1.2839254   0.00039773554
74   1.2839518   0.00039321111
75   1.2839276   0.00038868729
76   1.2839259   0.00038354272
77   1.2838595   0.00038429808
78   1.2837653   0.00039085472
79   1.2837454   0.00038639112
80   1.2836454   0.00039440674
81   1.2836888   0.0003919151
82   1.2836873   0.0003871092
83   1.283704   0.00038278103
84   1.2836812   0.00037888263
85   1.2836544   0.00037535265
86   1.2835936   0.00037591969
87   1.2835829   0.00037172822
88   1.2835938   0.00036764071
89   1.2836007   0.00036355356
90   1.2836057   0.00035952599
91   1.2835395   0.00036166822
92   1.2834293   0.00037431729
93   1.2834549   0.00037115399
94   1.2833701   0.00037682975
95   1.2833969   0.0003737989
96   1.2833521   0.00037258293
97   1.2833702   0.00036916406
98   1.2833327   0.00036729671
99   1.2833479   0.00036388511
100   1.2834275   0.0003689294
