1   0.85715936   0
2   0.85923971   0.0020803514
3   0.85778085   0.0018896798
4   0.8573723   0.001397267
5   0.85690443   0.0011791197
6   0.85732976   0.0010525149
7   0.85713243   0.00091116155
8   0.85761723   0.00092611831
9   0.85762357   0.00081678416
10   0.85720125   0.0008438391
11   0.85693102   0.00080970525
12   0.85658439   0.00081639735
13   0.85650019   0.00075568176
14   0.8564443   0.00070185381
15   0.85651632   0.00065734775
16   0.85632395   0.00064428345
17   0.85618367   0.0006212431
18   0.85628523   0.00059445224
19   0.85623452   0.00056457676
20   0.85642215   0.00056751676
21   0.8564131   0.00053989201
22   0.85636897   0.00051665422
23   0.85615398   0.00053846462
24   0.85627993   0.00053070366
25   0.85638414   0.00051959119
26   0.85637352   0.00049932003
27   0.85639555   0.00048097555
28   0.8564509   0.0004667732
29   0.85645224   0.00045039206
30   0.85636389   0.00044400073
31   0.85634168   0.00043001329
32   0.85639331   0.00041954839
33   0.8564546   0.00041122806
34   0.85634137   0.00041470463
35   0.85631645   0.00040345227
36   0.85641778   0.0004049686
37   0.85642607   0.00039395856
38   0.85642051   0.00038349143
39   0.85636984   0.00037694978
40   0.85644864   0.00037576018
41   0.85649814   0.0003698084
42   0.85646356   0.00036254888
43   0.85642597   0.00035600635
44   0.85636642   0.00035288329
45   0.8563371   0.00034619599
46   0.85631139   0.00033956063
47   0.85627448   0.00033430199
48   0.85634616   0.00033502143
49   0.85628408   0.00033393322
50   0.85625304   0.00032865584
51   0.85620801   0.00032527884
52   0.85623335   0.00031996682
53   0.85617418   0.00031940036
54   0.85616959   0.00031346329
55   0.85613355   0.000309815
56   0.85605503   0.00031420125
57   0.85602052   0.00031056336
58   0.8560449   0.00030613434
59   0.85605665   0.00030113012
60   0.85604934   0.00029615879
61   0.85604107   0.00029138081
62   0.85607421   0.00028855183
63   0.85605899   0.00028434229
64   0.85604823   0.0002800709
65   0.85600037   0.0002798516
66   0.85602956   0.00027712108
67   0.85603122   0.00027295861
68   0.85600813   0.00026990402
69   0.85601558   0.00026606815
70   0.85598334   0.00026421422
71   0.85600934   0.00026176107
72   0.85593552   0.00026845022
73   0.85595026   0.00026515703
74   0.85596786   0.00026214074
75   0.85595172   0.00025912486
76   0.85595058   0.00025569515
77   0.85590635   0.00025619872
78   0.85584357   0.00026056981
79   0.85583026   0.00025759408
80   0.85576362   0.00026293783
81   0.85579254   0.00026127673
82   0.85579152   0.0002580728
83   0.85580265   0.00025518736
84   0.85578746   0.00025258842
85   0.85576963   0.0002502351
86   0.85572906   0.00025061313
87   0.85572192   0.00024781881
88   0.85572917   0.00024509381
89   0.85573382   0.00024236904
90   0.85573715   0.00023968399
91   0.855693   0.00024111215
92   0.8556195   0.00024954486
93   0.85563657   0.00024743599
94   0.85558009   0.00025121983
95   0.85559791   0.00024919927
96   0.85556807   0.00024838862
97   0.85558011   0.00024610937
98   0.85555512   0.00024486447
99   0.85556525   0.00024259007
100   0.85561835   0.00024595294
