100 0 0 0
100 0.02306642879 0 0
100 0.04613285759 0 0
100 0.06919928638 0 0
100 0.09226571518 0 0
100 0.115332144 0 0
100 0.1383985728 0 0
100 0.1614650016 0 0
100 0.1845314304 0 0
100 0.2075978592 0 0
100 0.2306642879 0 0
100 0.2537307167 0 0
100 0.2767971455 0 0
100 0.2998635743 0 0
100 0.3229300031 0 0
100 0.3459964319 0 0
100 0.3690628607 0 0
100 0.3921292895 0 0
100 0.4151957183 0 0
100 0.4382621471 0 0
100 0.4613285759 0 0
100 0.4843950047 0 0
100 0.5074614335 0 0
100 0.5305278623 0 0
100 0.5535942911 0 0
100 0.5766607199 0 0
100 0.5997271487 0 0
100 0.6227935775 0 0
100 0.6458600063 0 0
100 0.6689264351 0 0
100 0.6919928638 0 0
100 0.7150592926 0 0
100 0.7381257214 0 0
100 0.7611921502 0 0
100 0.784258579 0 0
100 0.8073250078 0 0
100 0.8303914366 0 0
100 0.8534578654 0 0
100 0.8765242942 9.941467599e-05 2.556076504e-05
100 0.899590723 0.005708675803 0.0002761415534
100 0.9226571518 0.06785829082 0.0007537106854
100 0.9457235806 0.3730361339 0.001870283889
100 0.9687900094 1.149178007 0.003244971909
100 0.9918564382 2.370097593 0.005077792506
100 1.014922867 3.64481547 0.005967259867
100 1.037989296 4.502107581 0.006327626743
100 1.061055725 4.698888855 0.006459013691
100 1.084122153 4.304318536 0.007194722013
100 1.107188582 3.531671975 0.006009823018
100 1.130255011 2.6503438 0.005209322416
100 1.15332144 1.840563395 0.004061554654
100 1.176387869 1.189012871 0.003329244789
100 1.199454297 0.7160228708 0.002670738997
100 1.222520726 0.4042826812 0.002000290299
100 1.245587155 0.2177364377 0.001631969139
100 1.268653584 0.1135439966 0.00129895007
100 1.291720013 0.06686021599 0.001150283103
100 1.314786441 0.05780163286 0.001143373431
100 1.33785287 0.07804067594 0.001251785779
100 1.360919299 0.1263513277 0.001607123373
100 1.383985728 0.2073652889 0.001763120093
100 1.407052156 0.3209669506 0.001849558437
100 1.430118585 0.4662171907 0.001730307943
100 1.453185014 0.6249841188 0.002097648036
100 1.476251443 0.7748843642 0.002530185152
100 1.499317872 0.8843951295 0.002829983898
100 1.5223843 0.9217800739 0.003271110778
100 1.545450729 0.8808076918 0.003115938823
100 1.568517158 0.7785828079 0.002555720066
100 1.591583587 0.6310287372 0.00173233531
100 1.614650016 0.4760584099 0.001431358642
100 1.637716444 0.3431454454 0.001412509506
100 1.660782873 0.2536796468 0.001601104618
100 1.683849302 0.2350659679 0.001839541125
100 1.706915731 0.3090707649 0.002206910471
100 1.72998216 0.497146755 0.00265946626
100 1.753048588 0.8135772643 0.003052093875
100 1.776115017 1.242928363 0.002654571245
100 1.799181446 1.728482086 0.002561299992
100 1.822247875 2.182732222 0.003272649253
100 1.845314304 2.492947804 0.004543274154
100 1.868380732 2.591880307 0.004442367334
100 1.891447161 2.449773435 0.004177469426
100 1.91451359 2.116150082 0.003674902617
100 1.937580019 1.677739428 0.002618676331
100 1.960646448 1.232606965 0.002242361609
100 1.983712876 0.8582417543 0.002484818631
100 2.006779305 0.6085584642 0.002592711571
100 2.029845734 0.4983143219 0.002574514604
100 2.052912163 0.5158218123 0.00232993592
100 2.075978592 0.6193425234 0.001761983875
100 2.09904502 0.7629953628 0.001513603257
100 2.122111449 0.8896308538 0.001734499218
100 2.145177878 0.9686604899 0.00181969385
100 2.168244307 0.9683521908 0.002280345332
100 2.191310736 0.8971252581 0.002042316751
100 2.214377164 0.7870088387 0.001676215304
100 2.237443593 0.6807347338 0.001727239679
100 2.260510022 0.6206068702 0.002386246154
100 2.283576451 0.6278774278 0.002821021772
